This is pdfTeX, Version 3.14159265-2.6-1.40.20 (TeX Live 2019) (preloaded format=pdflatex 2019.5.8)  12 APR 2022 14:56
entering extended mode
 restricted \write18 enabled.
 %&-line parsing enabled.
**Ballistic_Motion.tex
(./Ballistic_Motion.tex
LaTeX2e <2018-12-01>
(/usr/local/texlive/2019/texmf-dist/tex/latex/base/article.cls
Document Class: article 2018/09/03 v1.4i Standard LaTeX document class
(/usr/local/texlive/2019/texmf-dist/tex/latex/base/size12.clo
File: size12.clo 2018/09/03 v1.4i Standard LaTeX file (size option)
)
\c@part=\count80
\c@section=\count81
\c@subsection=\count82
\c@subsubsection=\count83
\c@paragraph=\count84
\c@subparagraph=\count85
\c@figure=\count86
\c@table=\count87
\abovecaptionskip=\skip41
\belowcaptionskip=\skip42
\bibindent=\dimen102
) (./scicite.sty
LaTeX Info: Redefining \cite on input line 160.
LaTeX Info: Redefining \nocite on input line 227.
Package: scicite 2003/11/04  v 4.01
) (/usr/local/texlive/2019/texmf-dist/tex/latex/psnfss/times.sty
Package: times 2005/04/12 PSNFSS-v9.2a (SPQR) 
)
(/usr/local/texlive/2019/texmf-dist/tex/latex/graphics/graphicx.sty
Package: graphicx 2017/06/01 v1.1a Enhanced LaTeX Graphics (DPC,SPQR)

(/usr/local/texlive/2019/texmf-dist/tex/latex/graphics/keyval.sty
Package: keyval 2014/10/28 v1.15 key=value parser (DPC)
\KV@toks@=\toks14
)
(/usr/local/texlive/2019/texmf-dist/tex/latex/graphics/graphics.sty
Package: graphics 2017/06/25 v1.2c Standard LaTeX Graphics (DPC,SPQR)

(/usr/local/texlive/2019/texmf-dist/tex/latex/graphics/trig.sty
Package: trig 2016/01/03 v1.10 sin cos tan (DPC)
)
(/usr/local/texlive/2019/texmf-dist/tex/latex/graphics-cfg/graphics.cfg
File: graphics.cfg 2016/06/04 v1.11 sample graphics configuration
)
Package graphics Info: Driver file: pdftex.def on input line 99.

(/usr/local/texlive/2019/texmf-dist/tex/latex/graphics-def/pdftex.def
File: pdftex.def 2018/01/08 v1.0l Graphics/color driver for pdftex
))
\Gin@req@height=\dimen103
\Gin@req@width=\dimen104
)
(/usr/local/texlive/2019/texmf-dist/tex/latex/preprint/authblk.sty
Package: authblk 2001/02/27 1.3 (PWD)
\affilsep=\skip43
\@affilsep=\skip44
\c@Maxaffil=\count88
\c@authors=\count89
\c@affil=\count90
)
(/usr/local/texlive/2019/texmf-dist/tex/latex/url/url.sty
\Urlmuskip=\muskip10
Package: url 2013/09/16  ver 3.4  Verb mode for urls, etc.
)
(/usr/local/texlive/2019/texmf-dist/tex/latex/amsmath/amsmath.sty
Package: amsmath 2018/12/01 v2.17b AMS math features
\@mathmargin=\skip45

For additional information on amsmath, use the `?' option.
(/usr/local/texlive/2019/texmf-dist/tex/latex/amsmath/amstext.sty
Package: amstext 2000/06/29 v2.01 AMS text

(/usr/local/texlive/2019/texmf-dist/tex/latex/amsmath/amsgen.sty
File: amsgen.sty 1999/11/30 v2.0 generic functions
\@emptytoks=\toks15
\ex@=\dimen105
))
(/usr/local/texlive/2019/texmf-dist/tex/latex/amsmath/amsbsy.sty
Package: amsbsy 1999/11/29 v1.2d Bold Symbols
\pmbraise@=\dimen106
)
(/usr/local/texlive/2019/texmf-dist/tex/latex/amsmath/amsopn.sty
Package: amsopn 2016/03/08 v2.02 operator names
)
\inf@bad=\count91
LaTeX Info: Redefining \frac on input line 223.
\uproot@=\count92
\leftroot@=\count93
LaTeX Info: Redefining \overline on input line 385.
\classnum@=\count94
\DOTSCASE@=\count95
LaTeX Info: Redefining \ldots on input line 482.
LaTeX Info: Redefining \dots on input line 485.
LaTeX Info: Redefining \cdots on input line 606.
\Mathstrutbox@=\box27
\strutbox@=\box28
\big@size=\dimen107
LaTeX Font Info:    Redeclaring font encoding OML on input line 729.
LaTeX Font Info:    Redeclaring font encoding OMS on input line 730.
\macc@depth=\count96
\c@MaxMatrixCols=\count97
\dotsspace@=\muskip11
\c@parentequation=\count98
\dspbrk@lvl=\count99
\tag@help=\toks16
\row@=\count100
\column@=\count101
\maxfields@=\count102
\andhelp@=\toks17
\eqnshift@=\dimen108
\alignsep@=\dimen109
\tagshift@=\dimen110
\tagwidth@=\dimen111
\totwidth@=\dimen112
\lineht@=\dimen113
\@envbody=\toks18
\multlinegap=\skip46
\multlinetaggap=\skip47
\mathdisplay@stack=\toks19
LaTeX Info: Redefining \[ on input line 2844.
LaTeX Info: Redefining \] on input line 2845.
)
(/usr/local/texlive/2019/texmf-dist/tex/latex/amsfonts/amssymb.sty
Package: amssymb 2013/01/14 v3.01 AMS font symbols

(/usr/local/texlive/2019/texmf-dist/tex/latex/amsfonts/amsfonts.sty
Package: amsfonts 2013/01/14 v3.01 Basic AMSFonts support
\symAMSa=\mathgroup4
\symAMSb=\mathgroup5
LaTeX Font Info:    Overwriting math alphabet `\mathfrak' in version `bold'
(Font)                  U/euf/m/n --> U/euf/b/n on input line 106.
))
(./Ballistic_Motion.aux)
\openout1 = `Ballistic_Motion.aux'.

LaTeX Font Info:    Checking defaults for OML/cmm/m/it on input line 99.
LaTeX Font Info:    ... okay on input line 99.
LaTeX Font Info:    Checking defaults for T1/cmr/m/n on input line 99.
LaTeX Font Info:    ... okay on input line 99.
LaTeX Font Info:    Checking defaults for OT1/cmr/m/n on input line 99.
LaTeX Font Info:    ... okay on input line 99.
LaTeX Font Info:    Checking defaults for OMS/cmsy/m/n on input line 99.
LaTeX Font Info:    ... okay on input line 99.
LaTeX Font Info:    Checking defaults for OMX/cmex/m/n on input line 99.
LaTeX Font Info:    ... okay on input line 99.
LaTeX Font Info:    Checking defaults for U/cmr/m/n on input line 99.
LaTeX Font Info:    ... okay on input line 99.
LaTeX Font Info:    Try loading font information for OT1+ptm on input line 99.

(/usr/local/texlive/2019/texmf-dist/tex/latex/psnfss/ot1ptm.fd
File: ot1ptm.fd 2001/06/04 font definitions for OT1/ptm.
)
(/usr/local/texlive/2019/texmf-dist/tex/context/base/mkii/supp-pdf.mkii
[Loading MPS to PDF converter (version 2006.09.02).]
\scratchcounter=\count103
\scratchdimen=\dimen114
\scratchbox=\box29
\nofMPsegments=\count104
\nofMParguments=\count105
\everyMPshowfont=\toks20
\MPscratchCnt=\count106
\MPscratchDim=\dimen115
\MPnumerator=\count107
\makeMPintoPDFobject=\count108
\everyMPtoPDFconversion=\toks21
) (/usr/local/texlive/2019/texmf-dist/tex/latex/oberdiek/epstopdf-base.sty
Package: epstopdf-base 2016/05/15 v2.6 Base part for package epstopdf

(/usr/local/texlive/2019/texmf-dist/tex/generic/oberdiek/infwarerr.sty
Package: infwarerr 2016/05/16 v1.4 Providing info/warning/error messages (HO)
)
(/usr/local/texlive/2019/texmf-dist/tex/latex/oberdiek/grfext.sty
Package: grfext 2016/05/16 v1.2 Manage graphics extensions (HO)

(/usr/local/texlive/2019/texmf-dist/tex/generic/oberdiek/kvdefinekeys.sty
Package: kvdefinekeys 2016/05/16 v1.4 Define keys (HO)

(/usr/local/texlive/2019/texmf-dist/tex/generic/oberdiek/ltxcmds.sty
Package: ltxcmds 2016/05/16 v1.23 LaTeX kernel commands for general use (HO)
)))
(/usr/local/texlive/2019/texmf-dist/tex/latex/oberdiek/kvoptions.sty
Package: kvoptions 2016/05/16 v3.12 Key value format for package options (HO)

(/usr/local/texlive/2019/texmf-dist/tex/generic/oberdiek/kvsetkeys.sty
Package: kvsetkeys 2016/05/16 v1.17 Key value parser (HO)

(/usr/local/texlive/2019/texmf-dist/tex/generic/oberdiek/etexcmds.sty
Package: etexcmds 2016/05/16 v1.6 Avoid name clashes with e-TeX commands (HO)

(/usr/local/texlive/2019/texmf-dist/tex/generic/oberdiek/ifluatex.sty
Package: ifluatex 2016/05/16 v1.4 Provides the ifluatex switch (HO)
Package ifluatex Info: LuaTeX not detected.
))))
(/usr/local/texlive/2019/texmf-dist/tex/generic/oberdiek/pdftexcmds.sty
Package: pdftexcmds 2018/09/10 v0.29 Utility functions of pdfTeX for LuaTeX (HO
)

(/usr/local/texlive/2019/texmf-dist/tex/generic/oberdiek/ifpdf.sty
Package: ifpdf 2018/09/07 v3.3 Provides the ifpdf switch
)
Package pdftexcmds Info: LuaTeX not detected.
Package pdftexcmds Info: \pdf@primitive is available.
Package pdftexcmds Info: \pdf@ifprimitive is available.
Package pdftexcmds Info: \pdfdraftmode found.
)
Package epstopdf-base Info: Redefining graphics rule for `.eps' on input line 4
38.
Package grfext Info: Graphics extension search list:
(grfext)             [.pdf,.png,.jpg,.mps,.jpeg,.jbig2,.jb2,.PDF,.PNG,.JPG,.JPE
G,.JBIG2,.JB2,.eps]
(grfext)             \AppendGraphicsExtensions on input line 456.

(/usr/local/texlive/2019/texmf-dist/tex/latex/latexconfig/epstopdf-sys.cfg
File: epstopdf-sys.cfg 2010/07/13 v1.3 Configuration of (r)epstopdf for TeX Liv
e
))
LaTeX Font Info:    Try loading font information for U+msa on input line 107.

(/usr/local/texlive/2019/texmf-dist/tex/latex/amsfonts/umsa.fd
File: umsa.fd 2013/01/14 v3.01 AMS symbols A
)
LaTeX Font Info:    Try loading font information for U+msb on input line 107.

(/usr/local/texlive/2019/texmf-dist/tex/latex/amsfonts/umsb.fd
File: umsb.fd 2013/01/14 v3.01 AMS symbols B
)
LaTeX Font Info:    Font shape `OT1/ptm/bx/n' in size <12> not available
(Font)              Font shape `OT1/ptm/b/n' tried instead on input line 113.
LaTeX Font Info:    Font shape `OT1/ptm/bx/n' in size <17.28> not available
(Font)              Font shape `OT1/ptm/b/n' tried instead on input line 129.
 [1

{/usr/local/texlive/2019/texmf-var/fonts/map/pdftex/updmap/pdftex.map}] [2]
<lv_Scaling_Simulations.png, id=18, 495.7722pt x 325.215pt>
File: lv_Scaling_Simulations.png Graphic file (type png)
<use lv_Scaling_Simulations.png>
Package pdftex.def Info: lv_Scaling_Simulations.png  used on input line 155.
(pdftex.def)             Requested size: 446.19084pt x 292.6908pt.


LaTeX Warning: `!h' float specifier changed to `!ht'.


LaTeX Warning: Command \textless invalid in math mode on input line 163.

LaTeX Font Info:    Try loading font information for OML+ptm on input line 163.

(/usr/local/texlive/2019/texmf-dist/tex/latex/psnfss/omlptm.fd
File: omlptm.fd 
)
LaTeX Font Info:    Font shape `OML/ptm/m/n' in size <12> not available
(Font)              Font shape `OML/cmm/m/it' tried instead on input line 163.


LaTeX Warning: Command \textless invalid in math mode on input line 163.


LaTeX Warning: Command \textless invalid in math mode on input line 163.


LaTeX Warning: Command \textless invalid in math mode on input line 163.


Overfull \hbox (15.967pt too wide) in paragraph at lines 163--164
[]\OT1/ptm/m/n/12 We found sig-nif-i-cant pos-i-tive cor-re-la-tions be-tween $
\OML/cmm/m/it/12 l[]$ \OT1/ptm/m/n/12 and mass for both her-biv-o-rous/frugivor
ous
 []

[3]
<Empirical_Figure.png, id=23, 495.7722pt x 325.215pt>
File: Empirical_Figure.png Graphic file (type png)
<use Empirical_Figure.png>
Package pdftex.def Info: Empirical_Figure.png  used on input line 175.
(pdftex.def)             Requested size: 446.19084pt x 292.6908pt.


LaTeX Warning: `!h' float specifier changed to `!ht'.


LaTeX Warning: Command \l invalid in math mode on input line 181.

[4 <./lv_Scaling_Simulations.png>]
Overfull \hbox (6.09314pt too wide) in paragraph at lines 188--189
[]\OT1/ptm/m/n/12 The $[]$ scal-ing ex-pected via Eu-clidean ge-om-e-try as op-
posed to the $[]$ ex-pected via the metabolic
 []

[5 <./Empirical_Figure.png>] (./Ballistic_Motion.bbl [6] [7] [8]
Underfull \hbox (badness 5231) in paragraph at lines 185--187
[]\OT1/ptm/m/n/12 P. R. My-ers, C. S. Es-pinosa, T. J. Parr, G. S. Ham-mond, T.
 A. Dewey,
 []

[9])
LaTeX Font Info:    Font shape `OT1/ptm/bx/n' in size <14.4> not available
(Font)              Font shape `OT1/ptm/b/n' tried instead on input line 229.
 [10]
<saturation.pdf, id=48, 602.25pt x 401.5pt>
File: saturation.pdf Graphic file (type pdf)
<use saturation.pdf>
Package pdftex.def Info: saturation.pdf  used on input line 237.
(pdftex.def)             Requested size: 295.90587pt x 197.27583pt.


LaTeX Warning: `!h' float specifier changed to `!ht'.

[11] [12 <./saturation.pdf>] [13]
<Prey_Movement.png, id=75, 233.4321pt x 204.16275pt>
File: Prey_Movement.png Graphic file (type png)
<use Prey_Movement.png>
Package pdftex.def Info: Prey_Movement.png  used on input line 307.
(pdftex.def)             Requested size: 233.43152pt x 204.16225pt.


LaTeX Warning: `!h' float specifier changed to `!ht'.

[14] [15 <./Prey_Movement.png>]
<Prey_Diagnostics.png, id=85, 495.7722pt x 433.62pt>
File: Prey_Diagnostics.png Graphic file (type png)
<use Prey_Diagnostics.png>
Package pdftex.def Info: Prey_Diagnostics.png  used on input line 338.
(pdftex.def)             Requested size: 495.77098pt x 433.61894pt.

Overfull \hbox (40.5269pt too wide) in paragraph at lines 338--339
 [][] 
 []


LaTeX Warning: `!h' float specifier changed to `!ht'.

<Sim_Example.png, id=86, 233.4321pt x 216.81pt>
File: Sim_Example.png Graphic file (type png)
<use Sim_Example.png>
Package pdftex.def Info: Sim_Example.png  used on input line 351.
(pdftex.def)             Requested size: 233.43152pt x 216.80946pt.

LaTeX Warning: `!h' float specifier changed to `!ht'.

[16] [17 <./Prey_Diagnostics.png>]
<Predator_Diagnostics.png, id=94, 495.7722pt x 433.62pt>
File: Predator_Diagnostics.png Graphic file (type png)
<use Predator_Diagnostics.png>
Package pdftex.def Info: Predator_Diagnostics.png  used on input line 365.
(pdftex.def)             Requested size: 495.77098pt x 433.61894pt.

Overfull \hbox (40.5269pt too wide) in paragraph at lines 365--366
 [][] 
 []


LaTeX Warning: `!h' float specifier changed to `!ht'.

[18 <./Sim_Example.png>] [19 <./Predator_Diagnostics.png>]
LaTeX Font Info:    Try loading font information for OT1+pcr on input line 381.


(/usr/local/texlive/2019/texmf-dist/tex/latex/psnfss/ot1pcr.fd
File: ot1pcr.fd 2001/06/04 font definitions for OT1/pcr.
)
<Convergence_Plots.png, id=104, 466.74374pt x 568.40355pt>
File: Convergence_Plots.png Graphic file (type png)
<use Convergence_Plots.png>
Package pdftex.def Info: Convergence_Plots.png  used on input line 385.
(pdftex.def)             Requested size: 420.06549pt x 511.55847pt.


LaTeX Warning: `!h' float specifier changed to `!ht'.

[20]

LaTeX Warning: Text page 21 contains only floats.

[21 <./Convergence_Plots.png (PNG copy)>] [22] [23]
<Ballistic_Motion_SVF.png, id=118, 495.7722pt x 289.08pt>
File: Ballistic_Motion_SVF.png Graphic file (type png)
<use Ballistic_Motion_SVF.png>
Package pdftex.def Info: Ballistic_Motion_SVF.png  used on input line 424.
(pdftex.def)             Requested size: 495.77098pt x 289.07928pt.

Overfull \hbox (40.5269pt too wide) in paragraph at lines 424--425
 [][] 
 []

[24 <./Ballistic_Motion_SVF.png>] [25] (./Ballistic_Motion.aux) ) 
Here is how much of TeX's memory you used:
 2790 strings out of 492616
 37567 string characters out of 6129482
 105200 words of memory out of 5000000
 6637 multiletter control sequences out of 15000+600000
 29526 words of font info for 72 fonts, out of 8000000 for 9000
 1141 hyphenation exceptions out of 8191
 41i,10n,27p,1812b,292s stack positions out of 5000i,500n,10000p,200000b,80000s
{/usr/local/te
xlive/2019/texmf-dist/fonts/enc/dvips/base/8r.enc}</usr/local/texlive/2019/texm
f-dist/fonts/type1/public/amsfonts/cm/cmex10.pfb></usr/local/texlive/2019/texmf
-dist/fonts/type1/public/amsfonts/cm/cmmi12.pfb></usr/local/texlive/2019/texmf-
dist/fonts/type1/public/amsfonts/cm/cmmi6.pfb></usr/local/texlive/2019/texmf-di
st/fonts/type1/public/amsfonts/cm/cmmi8.pfb></usr/local/texlive/2019/texmf-dist
/fonts/type1/public/amsfonts/cm/cmr12.pfb></usr/local/texlive/2019/texmf-dist/f
onts/type1/public/amsfonts/cm/cmr6.pfb></usr/local/texlive/2019/texmf-dist/font
s/type1/public/amsfonts/cm/cmr8.pfb></usr/local/texlive/2019/texmf-dist/fonts/t
ype1/public/amsfonts/cm/cmsy10.pfb></usr/local/texlive/2019/texmf-dist/fonts/ty
pe1/public/amsfonts/cm/cmsy8.pfb></usr/local/texlive/2019/texmf-dist/fonts/type
1/public/amsfonts/symbols/msbm10.pfb></usr/local/texlive/2019/texmf-dist/fonts/
type1/urw/courier/ucrr8a.pfb></usr/local/texlive/2019/texmf-dist/fonts/type1/ur
w/times/utmb8a.pfb></usr/local/texlive/2019/texmf-dist/fonts/type1/urw/times/ut
mr8a.pfb></usr/local/texlive/2019/texmf-dist/fonts/type1/urw/times/utmri8a.pfb>

Output written on Ballistic_Motion.pdf (25 pages, 6585947 bytes).
PDF statistics:
 174 PDF objects out of 1000 (max. 8388607)
 111 compressed objects within 2 object streams
 0 named destinations out of 1000 (max. 500000)
 46 words of extra memory for PDF output out of 10000 (max. 10000000)

